# JRE version: Java(TM) SE Runtime Environment (8.0_144-b01) (build 1.8.0_144-b01)
# Java VM: Java HotSpot(TM) 64-Bit Server VM (25.144-b01 mixed mode windows-amd64 compressed oops)
Heap:
 PSYoungGen      total 129024K, used 92840K [0x00000000eab00000, 0x00000000f5000000, 0x0000000100000000)
  eden space 117248K, 69% used [0x00000000eab00000,0x00000000efa2e0a8,0x00000000f1d80000)
  from space 11776K, 99% used [0x00000000f1d80000,0x00000000f28fc060,0x00000000f2900000)
  to   space 14848K, 0% used [0x00000000f4180000,0x00000000f4180000,0x00000000f5000000)
 ParOldGen       total 89088K, used 21280K [0x00000000c0000000, 0x00000000c5700000, 0x00000000eab00000)
  object space 89088K, 23% used [0x00000000c0000000,0x00000000c14c8168,0x00000000c5700000)
 Metaspace       used 53990K, capacity 55742K, committed 55936K, reserved 1097728K
  class space    used 7533K, capacity 8001K, committed 8064K, reserved 1048576K
GC Heap History (10 events):
Event: 10.662 GC heap before
{Heap before GC invocations=9 (full 1):
 PSYoungGen      total 70656K, used 67195K [0x00000000eab00000, 0x00000000f1480000, 0x0000000100000000)
  eden space 60416K, 100% used [0x00000000eab00000,0x00000000ee600000,0x00000000ee600000)
  from space 10240K, 66% used [0x00000000ee600000,0x00000000eec9ef50,0x00000000ef000000)
  to   space 10240K, 0% used [0x00000000f0a80000,0x00000000f0a80000,0x00000000f1480000)
 ParOldGen       total 58368K, used 8455K [0x00000000c0000000, 0x00000000c3900000, 0x00000000eab00000)
  object space 58368K, 14% used [0x00000000c0000000,0x00000000c0841c28,0x00000000c3900000)
 Metaspace       used 30623K, capacity 31240K, committed 31488K, reserved 1077248K
  class space    used 4386K, capacity 4570K, committed 4608K, reserved 1048576K
Event: 10.674 GC heap after
Heap after GC invocations=9 (full 1):
 PSYoungGen      total 96768K, used 9445K [0x00000000eab00000, 0x00000000f1e80000, 0x0000000100000000)
  eden space 86528K, 0% used [0x00000000eab00000,0x00000000eab00000,0x00000000eff80000)
  from space 10240K, 92% used [0x00000000f0a80000,0x00000000f13b9628,0x00000000f1480000)
  to   space 11264K, 0% used [0x00000000eff80000,0x00000000eff80000,0x00000000f0a80000)
 ParOldGen       total 58368K, used 8463K [0x00000000c0000000, 0x00000000c3900000, 0x00000000eab00000)
  object space 58368K, 14% used [0x00000000c0000000,0x00000000c0843c28,0x00000000c3900000)
 Metaspace       used 30623K, capacity 31240K, committed 31488K, reserved 1077248K
  class space    used 4386K, capacity 4570K, committed 4608K, reserved 1048576K
}
Event: 11.221 GC heap before
{Heap before GC invocations=10 (full 1):
 PSYoungGen      total 96768K, used 29232K [0x00000000eab00000, 0x00000000f1e80000, 0x0000000100000000)
  eden space 86528K, 22% used [0x00000000eab00000,0x00000000ebe52bb8,0x00000000eff80000)
  from space 10240K, 92% used [0x00000000f0a80000,0x00000000f13b9628,0x00000000f1480000)
  to   space 11264K, 0% used [0x00000000eff80000,0x00000000eff80000,0x00000000f0a80000)
 ParOldGen       total 58368K, used 8463K [0x00000000c0000000, 0x00000000c3900000, 0x00000000eab00000)
  object space 58368K, 14% used [0x00000000c0000000,0x00000000c0843c28,0x00000000c3900000)
 Metaspace       used 34669K, capacity 35328K, committed 35496K, reserved 1079296K
  class space    used 4898K, capacity 5105K, committed 5120K, reserved 1048576K
Event: 11.233 GC heap after
Heap after GC invocations=10 (full 1):
 PSYoungGen      total 97792K, used 7963K [0x00000000eab00000, 0x00000000f3600000, 0x0000000100000000)
  eden space 86528K, 0% used [0x00000000eab00000,0x00000000eab00000,0x00000000eff80000)
  from space 11264K, 70% used [0x00000000eff80000,0x00000000f0746d40,0x00000000f0a80000)
  to   space 11264K, 0% used [0x00000000f2b00000,0x00000000f2b00000,0x00000000f3600000)
 ParOldGen       total 58368K, used 9799K [0x00000000c0000000, 0x00000000c3900000, 0x00000000eab00000)
  object space 58368K, 16% used [0x00000000c0000000,0x00000000c0991c88,0x00000000c3900000)
 Metaspace       used 34669K, capacity 35328K, committed 35496K, reserved 1079296K
  class space    used 4898K, capacity 5105K, committed 5120K, reserved 1048576K
}
Event: 11.233 GC heap before
{Heap before GC invocations=11 (full 2):
 PSYoungGen      total 97792K, used 7963K [0x00000000eab00000, 0x00000000f3600000, 0x0000000100000000)
  eden space 86528K, 0% used [0x00000000eab00000,0x00000000eab00000,0x00000000eff80000)
  from space 11264K, 70% used [0x00000000eff80000,0x00000000f0746d40,0x00000000f0a80000)
  to   space 11264K, 0% used [0x00000000f2b00000,0x00000000f2b00000,0x00000000f3600000)
 ParOldGen       total 58368K, used 9799K [0x00000000c0000000, 0x00000000c3900000, 0x00000000eab00000)
  object space 58368K, 16% used [0x00000000c0000000,0x00000000c0991c88,0x00000000c3900000)
 Metaspace       used 34669K, capacity 35328K, committed 35496K, reserved 1079296K
  class space    used 4898K, capacity 5105K, committed 5120K, reserved 1048576K
Event: 11.327 GC heap after
Heap after GC invocations=11 (full 2):
 PSYoungGen      total 97792K, used 0K [0x00000000eab00000, 0x00000000f3600000, 0x0000000100000000)
  eden space 86528K, 0% used [0x00000000eab00000,0x00000000eab00000,0x00000000eff80000)
  from space 11264K, 0% used [0x00000000eff80000,0x00000000eff80000,0x00000000f0a80000)
  to   space 11264K, 0% used [0x00000000f2b00000,0x00000000f2b00000,0x00000000f3600000)
 ParOldGen       total 89088K, used 16069K [0x00000000c0000000, 0x00000000c5700000, 0x00000000eab00000)
  object space 89088K, 18% used [0x00000000c0000000,0x00000000c0fb1758,0x00000000c5700000)
 Metaspace       used 34669K, capacity 35328K, committed 35496K, reserved 1079296K
  class space    used 4898K, capacity 5105K, committed 5120K, reserved 1048576K
}
Event: 13.123 GC heap before
{Heap before GC invocations=12 (full 2):
 PSYoungGen      total 97792K, used 86528K [0x00000000eab00000, 0x00000000f3600000, 0x0000000100000000)
  eden space 86528K, 100% used [0x00000000eab00000,0x00000000eff80000,0x00000000eff80000)
  from space 11264K, 0% used [0x00000000eff80000,0x00000000eff80000,0x00000000f0a80000)
  to   space 11264K, 0% used [0x00000000f2b00000,0x00000000f2b00000,0x00000000f3600000)
 ParOldGen       total 89088K, used 16069K [0x00000000c0000000, 0x00000000c5700000, 0x00000000eab00000)
  object space 89088K, 18% used [0x00000000c0000000,0x00000000c0fb1758,0x00000000c5700000)
 Metaspace       used 39952K, capacity 40792K, committed 41216K, reserved 1085440K
  class space    used 5543K, capacity 5811K, committed 5888K, reserved 1048576K
Event: 13.139 GC heap after
Heap after GC invocations=12 (full 2):
 PSYoungGen      total 120832K, used 9614K [0x00000000eab00000, 0x00000000f3480000, 0x0000000100000000)
  eden space 111104K, 0% used [0x00000000eab00000,0x00000000eab00000,0x00000000f1780000)
  from space 9728K, 98% used [0x00000000f2b00000,0x00000000f3463940,0x00000000f3480000)
  to   space 11776K, 0% used [0x00000000f1d80000,0x00000000f1d80000,0x00000000f2900000)
 ParOldGen       total 89088K, used 16077K [0x00000000c0000000, 0x00000000c5700000, 0x00000000eab00000)
  object space 89088K, 18% used [0x00000000c0000000,0x00000000c0fb3758,0x00000000c5700000)
 Metaspace       used 39952K, capacity 40792K, committed 41216K, reserved 1085440K
  class space    used 5543K, capacity 5811K, committed 5888K, reserved 1048576K
}
Event: 18.345 GC heap before
{Heap before GC invocations=13 (full 2):
 PSYoungGen      total 120832K, used 120718K [0x00000000eab00000, 0x00000000f3480000, 0x0000000100000000)
  eden space 111104K, 100% used [0x00000000eab00000,0x00000000f1780000,0x00000000f1780000)
  from space 9728K, 98% used [0x00000000f2b00000,0x00000000f3463940,0x00000000f3480000)
  to   space 11776K, 0% used [0x00000000f1d80000,0x00000000f1d80000,0x00000000f2900000)
 ParOldGen       total 89088K, used 16077K [0x00000000c0000000, 0x00000000c5700000, 0x00000000eab00000)
  object space 89088K, 18% used [0x00000000c0000000,0x00000000c0fb3758,0x00000000c5700000)
 Metaspace       used 48647K, capacity 49712K, committed 50048K, reserved 1091584K
  class space    used 6686K, capacity 7037K, committed 7040K, reserved 1048576K
Event: 18.368 GC heap after
Heap after GC invocations=13 (full 2):
 PSYoungGen      total 129024K, used 11760K [0x00000000eab00000, 0x00000000f5000000, 0x0000000100000000)
  eden space 117248K, 0% used [0x00000000eab00000,0x00000000eab00000,0x00000000f1d80000)
  from space 11776K, 99% used [0x00000000f1d80000,0x00000000f28fc060,0x00000000f2900000)
  to   space 14848K, 0% used [0x00000000f4180000,0x00000000f4180000,0x00000000f5000000)
 ParOldGen       total 89088K, used 21280K [0x00000000c0000000, 0x00000000c5700000, 0x00000000eab00000)
  object space 89088K, 23% used [0x00000000c0000000,0x00000000c14c8168,0x00000000c5700000)
 Metaspace       used 48647K, capacity 49712K, committed 50048K, reserved 1091584K
  class space    used 6686K, capacity 7037K, committed 7040K, reserved 1048576K
}

